生成启动时间为 2016/9/26 20:46:07。
     1>项目“D:\VS2013_file\算法入门经典（紫书）\ch8\UVa714\UVa714.vcxproj”在节点 2 上(Build 个目标)。
     1>ClCompile:
         E:\软件\VS2013\VC\bin\CL.exe /c /ZI /nologo /W3 /WX- /Od /Oy- /D WIN32 /D _DEBUG /D _CONSOLE /D _LIB /D _UNICODE /D UNICODE /Gm /EHsc /RTC1 /MDd /GS /fp:precise /Zc:wchar_t /Zc:forScope /Fo"Debug\\" /Fd"Debug\vc120.pdb" /Gd /TP /analyze- /errorReport:prompt "源.cpp"
         源.cpp
     1>d:\vs2013_file\算法入门经典（紫书）\ch8\uva714\源.cpp(39): warning C4244: “初始化”: 从“__int64”转换到“int”，可能丢失数据
     1>d:\vs2013_file\算法入门经典（紫书）\ch8\uva714\源.cpp(69): warning C4996: 'freopen': This function or variable may be unsafe. Consider using freopen_s instead. To disable deprecation, use _CRT_SECURE_NO_WARNINGS. See online help for details.
                 e:\软件\vs2013\vc\include\stdio.h(226) : 参见“freopen”的声明
     1>d:\vs2013_file\算法入门经典（紫书）\ch8\uva714\源.cpp(71): warning C4996: 'scanf': This function or variable may be unsafe. Consider using scanf_s instead. To disable deprecation, use _CRT_SECURE_NO_WARNINGS. See online help for details.
                 e:\软件\vs2013\vc\include\stdio.h(283) : 参见“scanf”的声明
     1>d:\vs2013_file\算法入门经典（紫书）\ch8\uva714\源.cpp(74): warning C4996: 'scanf': This function or variable may be unsafe. Consider using scanf_s instead. To disable deprecation, use _CRT_SECURE_NO_WARNINGS. See online help for details.
                 e:\软件\vs2013\vc\include\stdio.h(283) : 参见“scanf”的声明
     1>d:\vs2013_file\算法入门经典（紫书）\ch8\uva714\源.cpp(78): warning C4996: 'scanf': This function or variable may be unsafe. Consider using scanf_s instead. To disable deprecation, use _CRT_SECURE_NO_WARNINGS. See online help for details.
                 e:\软件\vs2013\vc\include\stdio.h(283) : 参见“scanf”的声明
       Link:
         E:\软件\VS2013\VC\bin\link.exe /ERRORREPORT:PROMPT /OUT:"D:\VS2013_file\算法入门经典（紫书）\ch8\UVa714\Debug\UVa714.exe" /INCREMENTAL /NOLOGO kernel32.lib user32.lib gdi32.lib winspool.lib comdlg32.lib advapi32.lib shell32.lib ole32.lib oleaut32.lib uuid.lib odbc32.lib odbccp32.lib /MANIFEST /MANIFESTUAC:"level='asInvoker' uiAccess='false'" /manifest:embed /DEBUG /PDB:"D:\VS2013_file\算法入门经典（紫书）\ch8\UVa714\Debug\UVa714.pdb" /SUBSYSTEM:CONSOLE /TLBID:1 /DYNAMICBASE /NXCOMPAT /IMPLIB:"D:\VS2013_file\算法入门经典（紫书）\ch8\UVa714\Debug\UVa714.lib" /MACHINE:X86 "Debug\源.obj"
         UVa714.vcxproj -> D:\VS2013_file\算法入门经典（紫书）\ch8\UVa714\Debug\UVa714.exe
     1>已完成生成项目“D:\VS2013_file\算法入门经典（紫书）\ch8\UVa714\UVa714.vcxproj”(Build 个目标)的操作。

生成成功。

已用时间 00:00:00.43
