生成启动时间为 2016/9/18 20:52:23。
     1>项目“D:\VS2013_file\算法入门经典（紫书）\ch9\UVa12563_02\UVa12563_02.vcxproj”在节点 2 上(Build 个目标)。
     1>ClCompile:
         E:\软件\VS2013\VC\bin\CL.exe /c /ZI /nologo /W3 /WX- /Od /Oy- /D WIN32 /D _DEBUG /D _CONSOLE /D _LIB /D _UNICODE /D UNICODE /Gm /EHsc /RTC1 /MDd /GS /fp:precise /Zc:wchar_t /Zc:forScope /Fo"Debug\\" /Fd"Debug\vc120.pdb" /Gd /TP /analyze- /errorReport:prompt "源.cpp"
         源.cpp
     1>d:\vs2013_file\算法入门经典（紫书）\ch9\uva12563_02\源.cpp(11): warning C4996: 'scanf': This function or variable may be unsafe. Consider using scanf_s instead. To disable deprecation, use _CRT_SECURE_NO_WARNINGS. See online help for details.
                 e:\软件\vs2013\vc\include\stdio.h(283) : 参见“scanf”的声明
     1>d:\vs2013_file\算法入门经典（紫书）\ch9\uva12563_02\源.cpp(15): error C2440: “=”: 无法从“int”转换为“int [9900]”
                 没有转换为数组类型，但有转换为数组的引用或指针
     1>d:\vs2013_file\算法入门经典（紫书）\ch9\uva12563_02\源.cpp(28): error C2784: “_Ty std::max(std::initializer_list<_Elem>,_Pr)”: 未能从“int [9900]”为“std::initializer_list<_Elem>”推导 模板 参数
                 e:\软件\vs2013\vc\include\algorithm(4108) : 参见“std::max”的声明
     1>d:\vs2013_file\算法入门经典（紫书）\ch9\uva12563_02\源.cpp(28): error C2780: “const _Ty &std::max(const _Ty &,const _Ty &,_Pr)”: 应输入 3 个参数，却提供了 2 个
                 e:\软件\vs2013\vc\include\algorithm(4101) : 参见“std::max”的声明
     1>d:\vs2013_file\算法入门经典（紫书）\ch9\uva12563_02\源.cpp(28): error C2780: “_Ty std::max(std::initializer_list<_Elem>)”: 应输入 1 个参数，却提供了 2 个
                 e:\软件\vs2013\vc\include\algorithm(4092) : 参见“std::max”的声明
     1>d:\vs2013_file\算法入门经典（紫书）\ch9\uva12563_02\源.cpp(28): error C2782: “const _Ty &std::max(const _Ty &,const _Ty &)”: 模板 参数“_Ty”不明确
                 e:\软件\vs2013\vc\include\algorithm(4086) : 参见“std::max”的声明
                 可能是“int *”
                 或       “int [9900]”
     1>d:\vs2013_file\算法入门经典（紫书）\ch9\uva12563_02\源.cpp(35): error C2446: “>=”: 没有从“int”到“int *”的转换
                 从整型转换为指针类型要求 reinterpret_cast、C 样式转换或函数样式转换
     1>d:\vs2013_file\算法入门经典（紫书）\ch9\uva12563_02\源.cpp(35): error C2040: “>=”:“int [9900]”与“int”的间接寻址级别不同
     1>d:\vs2013_file\算法入门经典（紫书）\ch9\uva12563_02\源.cpp(37): error C2440: “=”: 无法从“int [9900]”转换为“int”
                 没有使该转换得以执行的上下文
     1>已完成生成项目“D:\VS2013_file\算法入门经典（紫书）\ch9\UVa12563_02\UVa12563_02.vcxproj”(Build 个目标)的操作 - 失败。

生成失败。

已用时间 00:00:00.40
